{"D:\\ИТиВП\\Projects_ITaWP\\my-react-app\\src\\components\\features\\AddTaskForm.jsx": {"path":"D:\\ИТиВП\\Projects_ITaWP\\my-react-app\\src\\components\\features\\AddTaskForm.jsx","statementMap":{"0":{"start":{"line":4,"column":20},"end":{"line":60,"column":1}},"1":{"start":{"line":5,"column":23},"end":{"line":22,"column":3}},"2":{"start":{"line":6,"column":4},"end":{"line":6,"column":23}},"3":{"start":{"line":7,"column":21},"end":{"line":7,"column":43}},"4":{"start":{"line":8,"column":20},"end":{"line":14,"column":5}},"5":{"start":{"line":16,"column":4},"end":{"line":16,"column":58}},"6":{"start":{"line":16,"column":24},"end":{"line":16,"column":58}},"7":{"start":{"line":17,"column":23},"end":{"line":17,"column":78}},"8":{"start":{"line":18,"column":4},"end":{"line":18,"column":32}},"9":{"start":{"line":19,"column":4},"end":{"line":19,"column":68}},"10":{"start":{"line":21,"column":4},"end":{"line":21,"column":29}},"11":{"start":{"line":24,"column":2},"end":{"line":59,"column":4}}},"fnMap":{"0":{"name":"(anonymous_0)","decl":{"start":{"line":4,"column":20},"end":{"line":4,"column":21}},"loc":{"start":{"line":4,"column":26},"end":{"line":60,"column":1}},"line":4},"1":{"name":"(anonymous_1)","decl":{"start":{"line":5,"column":23},"end":{"line":5,"column":24}},"loc":{"start":{"line":5,"column":30},"end":{"line":22,"column":3}},"line":5}},"branchMap":{"0":{"loc":{"start":{"line":16,"column":4},"end":{"line":16,"column":58}},"type":"if","locations":[{"start":{"line":16,"column":4},"end":{"line":16,"column":58}},{"start":{},"end":{}}],"line":16},"1":{"loc":{"start":{"line":17,"column":34},"end":{"line":17,"column":77}},"type":"binary-expr","locations":[{"start":{"line":17,"column":34},"end":{"line":17,"column":69}},{"start":{"line":17,"column":73},"end":{"line":17,"column":77}}],"line":17}},"s":{"0":0,"1":0,"2":0,"3":0,"4":0,"5":0,"6":0,"7":0,"8":0,"9":0,"10":0,"11":0},"f":{"0":0,"1":0},"b":{"0":[0,0],"1":[0,0]}}
,"D:\\ИТиВП\\Projects_ITaWP\\my-react-app\\src\\components\\features\\FilterButtons.jsx": {"path":"D:\\ИТиВП\\Projects_ITaWP\\my-react-app\\src\\components\\features\\FilterButtons.jsx","statementMap":{"0":{"start":{"line":4,"column":22},"end":{"line":29,"column":1}},"1":{"start":{"line":10,"column":26},"end":{"line":10,"column":65}},"2":{"start":{"line":11,"column":24},"end":{"line":11,"column":72}},"3":{"start":{"line":13,"column":2},"end":{"line":28,"column":4}}},"fnMap":{"0":{"name":"(anonymous_0)","decl":{"start":{"line":4,"column":22},"end":{"line":4,"column":23}},"loc":{"start":{"line":9,"column":6},"end":{"line":29,"column":1}},"line":9}},"branchMap":{},"s":{"0":0,"1":0,"2":0,"3":0},"f":{"0":0},"b":{}}
,"D:\\ИТиВП\\Projects_ITaWP\\my-react-app\\src\\components\\features\\TaskItem.jsx": {"path":"D:\\ИТиВП\\Projects_ITaWP\\my-react-app\\src\\components\\features\\TaskItem.jsx","statementMap":{"0":{"start":{"line":6,"column":17},"end":{"line":28,"column":1}},"1":{"start":{"line":8,"column":2},"end":{"line":27,"column":4}},"2":{"start":{"line":22,"column":23},"end":{"line":22,"column":66}}},"fnMap":{"0":{"name":"(anonymous_0)","decl":{"start":{"line":6,"column":17},"end":{"line":6,"column":18}},"loc":{"start":{"line":6,"column":31},"end":{"line":28,"column":1}},"line":6},"1":{"name":"(anonymous_1)","decl":{"start":{"line":22,"column":17},"end":{"line":22,"column":18}},"loc":{"start":{"line":22,"column":23},"end":{"line":22,"column":66}},"line":22}},"branchMap":{},"s":{"0":1,"1":3,"2":1},"f":{"0":3,"1":1},"b":{},"_coverageSchema":"1a1c01bbd47fc00a2c39e90264f33305004495a9","hash":"07f4c488a43e0d4e79eb7860296133e5c2d4015c"}
,"D:\\ИТиВП\\Projects_ITaWP\\my-react-app\\src\\components\\features\\TaskList.jsx": {"path":"D:\\ИТиВП\\Projects_ITaWP\\my-react-app\\src\\components\\features\\TaskList.jsx","statementMap":{"0":{"start":{"line":6,"column":17},"end":{"line":23,"column":1}},"1":{"start":{"line":8,"column":2},"end":{"line":10,"column":3}},"2":{"start":{"line":9,"column":4},"end":{"line":9,"column":77}},"3":{"start":{"line":12,"column":2},"end":{"line":22,"column":4}},"4":{"start":{"line":18,"column":10},"end":{"line":18,"column":48}}},"fnMap":{"0":{"name":"(anonymous_0)","decl":{"start":{"line":6,"column":17},"end":{"line":6,"column":18}},"loc":{"start":{"line":6,"column":32},"end":{"line":23,"column":1}},"line":6},"1":{"name":"(anonymous_1)","decl":{"start":{"line":17,"column":19},"end":{"line":17,"column":20}},"loc":{"start":{"line":18,"column":10},"end":{"line":18,"column":48}},"line":18}},"branchMap":{"0":{"loc":{"start":{"line":8,"column":2},"end":{"line":10,"column":3}},"type":"if","locations":[{"start":{"line":8,"column":2},"end":{"line":10,"column":3}},{"start":{},"end":{}}],"line":8},"1":{"loc":{"start":{"line":8,"column":6},"end":{"line":8,"column":34}},"type":"binary-expr","locations":[{"start":{"line":8,"column":6},"end":{"line":8,"column":12}},{"start":{"line":8,"column":16},"end":{"line":8,"column":34}}],"line":8}},"s":{"0":0,"1":0,"2":0,"3":0,"4":0},"f":{"0":0,"1":0},"b":{"0":[0,0],"1":[0,0]}}
,"D:\\ИТиВП\\Projects_ITaWP\\my-react-app\\src\\components\\layout\\Header.jsx": {"path":"D:\\ИТиВП\\Projects_ITaWP\\my-react-app\\src\\components\\layout\\Header.jsx","statementMap":{"0":{"start":{"line":4,"column":15},"end":{"line":21,"column":1}},"1":{"start":{"line":5,"column":2},"end":{"line":20,"column":4}}},"fnMap":{"0":{"name":"(anonymous_0)","decl":{"start":{"line":4,"column":15},"end":{"line":4,"column":16}},"loc":{"start":{"line":4,"column":45},"end":{"line":21,"column":1}},"line":4}},"branchMap":{"0":{"loc":{"start":{"line":4,"column":18},"end":{"line":4,"column":38}},"type":"default-arg","locations":[{"start":{"line":4,"column":26},"end":{"line":4,"column":38}}],"line":4}},"s":{"0":0,"1":0},"f":{"0":0},"b":{"0":[0]}}
,"D:\\ИТиВП\\Projects_ITaWP\\my-react-app\\src\\components\\ui\\Button.jsx": {"path":"D:\\ИТиВП\\Projects_ITaWP\\my-react-app\\src\\components\\ui\\Button.jsx","statementMap":{"0":{"start":{"line":3,"column":15},"end":{"line":17,"column":1}},"1":{"start":{"line":10,"column":20},"end":{"line":10,"column":74}},"2":{"start":{"line":12,"column":2},"end":{"line":16,"column":4}}},"fnMap":{"0":{"name":"(anonymous_0)","decl":{"start":{"line":3,"column":15},"end":{"line":3,"column":16}},"loc":{"start":{"line":8,"column":6},"end":{"line":17,"column":1}},"line":8}},"branchMap":{"0":{"loc":{"start":{"line":5,"column":2},"end":{"line":5,"column":21}},"type":"default-arg","locations":[{"start":{"line":5,"column":12},"end":{"line":5,"column":21}}],"line":5},"1":{"loc":{"start":{"line":6,"column":2},"end":{"line":6,"column":18}},"type":"default-arg","locations":[{"start":{"line":6,"column":13},"end":{"line":6,"column":18}}],"line":6},"2":{"loc":{"start":{"line":10,"column":43},"end":{"line":10,"column":72}},"type":"cond-expr","locations":[{"start":{"line":10,"column":54},"end":{"line":10,"column":67}},{"start":{"line":10,"column":70},"end":{"line":10,"column":72}}],"line":10}},"s":{"0":1,"1":3,"2":3},"f":{"0":3},"b":{"0":[0],"1":[3],"2":[0,3]},"_coverageSchema":"1a1c01bbd47fc00a2c39e90264f33305004495a9","hash":"51242803f6509a41308ceb7fc5d21bc72ad03022"}
,"D:\\ИТиВП\\Projects_ITaWP\\my-react-app\\src\\components\\ui\\Card.jsx": {"path":"D:\\ИТиВП\\Projects_ITaWP\\my-react-app\\src\\components\\ui\\Card.jsx","statementMap":{"0":{"start":{"line":3,"column":13},"end":{"line":30,"column":1}},"1":{"start":{"line":10,"column":2},"end":{"line":29,"column":4}}},"fnMap":{"0":{"name":"(anonymous_0)","decl":{"start":{"line":3,"column":13},"end":{"line":3,"column":14}},"loc":{"start":{"line":9,"column":6},"end":{"line":30,"column":1}},"line":9}},"branchMap":{"0":{"loc":{"start":{"line":8,"column":2},"end":{"line":8,"column":16}},"type":"default-arg","locations":[{"start":{"line":8,"column":14},"end":{"line":8,"column":16}}],"line":8},"1":{"loc":{"start":{"line":13,"column":7},"end":{"line":17,"column":7}},"type":"binary-expr","locations":[{"start":{"line":13,"column":7},"end":{"line":13,"column":12}},{"start":{"line":14,"column":8},"end":{"line":16,"column":14}}],"line":13},"2":{"loc":{"start":{"line":23,"column":9},"end":{"line":23,"column":74}},"type":"binary-expr","locations":[{"start":{"line":23,"column":9},"end":{"line":23,"column":20}},{"start":{"line":23,"column":24},"end":{"line":23,"column":74}}],"line":23},"3":{"loc":{"start":{"line":26,"column":9},"end":{"line":26,"column":69}},"type":"binary-expr","locations":[{"start":{"line":26,"column":9},"end":{"line":26,"column":17}},{"start":{"line":26,"column":21},"end":{"line":26,"column":69}}],"line":26}},"s":{"0":1,"1":3},"f":{"0":3},"b":{"0":[3],"1":[3,0],"2":[3,2],"3":[3,3]},"_coverageSchema":"1a1c01bbd47fc00a2c39e90264f33305004495a9","hash":"8bb687a32bf1c94f360103ed1b58112c55c4e759"}
,"D:\\ИТиВП\\Projects_ITaWP\\my-react-app\\src\\components\\ui\\FilterGroup.jsx": {"path":"D:\\ИТиВП\\Projects_ITaWP\\my-react-app\\src\\components\\ui\\FilterGroup.jsx","statementMap":{"0":{"start":{"line":4,"column":20},"end":{"line":23,"column":1}},"1":{"start":{"line":5,"column":2},"end":{"line":22,"column":4}},"2":{"start":{"line":10,"column":10},"end":{"line":18,"column":19}},"3":{"start":{"line":15,"column":27},"end":{"line":15,"column":43}}},"fnMap":{"0":{"name":"(anonymous_0)","decl":{"start":{"line":4,"column":20},"end":{"line":4,"column":21}},"loc":{"start":{"line":4,"column":67},"end":{"line":23,"column":1}},"line":4},"1":{"name":"(anonymous_1)","decl":{"start":{"line":9,"column":21},"end":{"line":9,"column":22}},"loc":{"start":{"line":10,"column":10},"end":{"line":18,"column":19}},"line":10},"2":{"name":"(anonymous_2)","decl":{"start":{"line":15,"column":21},"end":{"line":15,"column":22}},"loc":{"start":{"line":15,"column":27},"end":{"line":15,"column":43}},"line":15}},"branchMap":{},"s":{"0":0,"1":0,"2":0,"3":0},"f":{"0":0,"1":0,"2":0},"b":{}}
,"D:\\ИТиВП\\Projects_ITaWP\\my-react-app\\src\\components\\ui\\PriorityBadge.jsx": {"path":"D:\\ИТиВП\\Projects_ITaWP\\my-react-app\\src\\components\\ui\\PriorityBadge.jsx","statementMap":{"0":{"start":{"line":4,"column":22},"end":{"line":27,"column":1}},"1":{"start":{"line":6,"column":24},"end":{"line":6,"column":26}},"2":{"start":{"line":8,"column":2},"end":{"line":20,"column":3}},"3":{"start":{"line":10,"column":6},"end":{"line":10,"column":38}},"4":{"start":{"line":11,"column":6},"end":{"line":11,"column":12}},"5":{"start":{"line":13,"column":6},"end":{"line":13,"column":40}},"6":{"start":{"line":14,"column":6},"end":{"line":14,"column":12}},"7":{"start":{"line":16,"column":6},"end":{"line":16,"column":37}},"8":{"start":{"line":17,"column":6},"end":{"line":17,"column":12}},"9":{"start":{"line":19,"column":6},"end":{"line":19,"column":41}},"10":{"start":{"line":22,"column":2},"end":{"line":26,"column":4}}},"fnMap":{"0":{"name":"(anonymous_0)","decl":{"start":{"line":4,"column":22},"end":{"line":4,"column":23}},"loc":{"start":{"line":4,"column":40},"end":{"line":27,"column":1}},"line":4}},"branchMap":{"0":{"loc":{"start":{"line":8,"column":2},"end":{"line":20,"column":3}},"type":"switch","locations":[{"start":{"line":9,"column":4},"end":{"line":11,"column":12}},{"start":{"line":12,"column":4},"end":{"line":14,"column":12}},{"start":{"line":15,"column":4},"end":{"line":17,"column":12}},{"start":{"line":18,"column":4},"end":{"line":19,"column":41}}],"line":8}},"s":{"0":1,"1":3,"2":3,"3":0,"4":0,"5":0,"6":0,"7":0,"8":0,"9":3,"10":3},"f":{"0":3},"b":{"0":[0,0,0,3]},"_coverageSchema":"1a1c01bbd47fc00a2c39e90264f33305004495a9","hash":"a7f4fbd41b82135b3ea9b07178d3388a9c362e67"}
}
