{"/home/masqueradis/ITaWP/my-react-app/src/components/features/AddTaskForm.jsx": {"path":"/home/masqueradis/ITaWP/my-react-app/src/components/features/AddTaskForm.jsx","statementMap":{"0":{"start":{"line":5,"column":20},"end":{"line":61,"column":1}},"1":{"start":{"line":6,"column":23},"end":{"line":23,"column":3}},"2":{"start":{"line":7,"column":4},"end":{"line":7,"column":23}},"3":{"start":{"line":8,"column":21},"end":{"line":8,"column":43}},"4":{"start":{"line":9,"column":20},"end":{"line":15,"column":5}},"5":{"start":{"line":17,"column":4},"end":{"line":17,"column":58}},"6":{"start":{"line":17,"column":24},"end":{"line":17,"column":58}},"7":{"start":{"line":18,"column":23},"end":{"line":18,"column":78}},"8":{"start":{"line":19,"column":4},"end":{"line":19,"column":32}},"9":{"start":{"line":20,"column":4},"end":{"line":20,"column":68}},"10":{"start":{"line":22,"column":4},"end":{"line":22,"column":29}},"11":{"start":{"line":25,"column":2},"end":{"line":60,"column":4}}},"fnMap":{"0":{"name":"(anonymous_0)","decl":{"start":{"line":5,"column":20},"end":{"line":5,"column":21}},"loc":{"start":{"line":5,"column":26},"end":{"line":61,"column":1}},"line":5},"1":{"name":"(anonymous_1)","decl":{"start":{"line":6,"column":23},"end":{"line":6,"column":24}},"loc":{"start":{"line":6,"column":30},"end":{"line":23,"column":3}},"line":6}},"branchMap":{"0":{"loc":{"start":{"line":17,"column":4},"end":{"line":17,"column":58}},"type":"if","locations":[{"start":{"line":17,"column":4},"end":{"line":17,"column":58}},{"start":{},"end":{}}],"line":17},"1":{"loc":{"start":{"line":18,"column":34},"end":{"line":18,"column":77}},"type":"binary-expr","locations":[{"start":{"line":18,"column":34},"end":{"line":18,"column":69}},{"start":{"line":18,"column":73},"end":{"line":18,"column":77}}],"line":18}},"s":{"0":1,"1":2,"2":2,"3":2,"4":2,"5":2,"6":1,"7":1,"8":1,"9":1,"10":1,"11":2},"f":{"0":2,"1":2},"b":{"0":[1,1],"1":[1,1]},"_coverageSchema":"1a1c01bbd47fc00a2c39e90264f33305004495a9","hash":"e755033f5f92c694aec207c2e1509dccaf95daa7"}
,"/home/masqueradis/ITaWP/my-react-app/src/components/features/FilterButtons.jsx": {"path":"/home/masqueradis/ITaWP/my-react-app/src/components/features/FilterButtons.jsx","statementMap":{"0":{"start":{"line":4,"column":22},"end":{"line":29,"column":1}},"1":{"start":{"line":10,"column":26},"end":{"line":10,"column":65}},"2":{"start":{"line":11,"column":24},"end":{"line":11,"column":72}},"3":{"start":{"line":13,"column":2},"end":{"line":28,"column":4}}},"fnMap":{"0":{"name":"(anonymous_0)","decl":{"start":{"line":4,"column":22},"end":{"line":4,"column":23}},"loc":{"start":{"line":9,"column":6},"end":{"line":29,"column":1}},"line":9}},"branchMap":{},"s":{"0":1,"1":3,"2":3,"3":3},"f":{"0":3},"b":{},"_coverageSchema":"1a1c01bbd47fc00a2c39e90264f33305004495a9","hash":"08e084258a03c323a09e7f9edef2d1c8161df0db"}
,"/home/masqueradis/ITaWP/my-react-app/src/components/features/SortTask.jsx": {"path":"/home/masqueradis/ITaWP/my-react-app/src/components/features/SortTask.jsx","statementMap":{"0":{"start":{"line":5,"column":17},"end":{"line":12,"column":1}},"1":{"start":{"line":6,"column":2},"end":{"line":11,"column":4}}},"fnMap":{"0":{"name":"(anonymous_0)","decl":{"start":{"line":5,"column":17},"end":{"line":5,"column":18}},"loc":{"start":{"line":6,"column":2},"end":{"line":11,"column":4}},"line":6}},"branchMap":{},"s":{"0":0,"1":0},"f":{"0":0},"b":{}}
,"/home/masqueradis/ITaWP/my-react-app/src/components/features/TaskItem.jsx": {"path":"/home/masqueradis/ITaWP/my-react-app/src/components/features/TaskItem.jsx","statementMap":{"0":{"start":{"line":6,"column":17},"end":{"line":28,"column":1}},"1":{"start":{"line":8,"column":2},"end":{"line":27,"column":4}},"2":{"start":{"line":22,"column":23},"end":{"line":22,"column":66}}},"fnMap":{"0":{"name":"(anonymous_0)","decl":{"start":{"line":6,"column":17},"end":{"line":6,"column":18}},"loc":{"start":{"line":6,"column":31},"end":{"line":28,"column":1}},"line":6},"1":{"name":"(anonymous_1)","decl":{"start":{"line":22,"column":17},"end":{"line":22,"column":18}},"loc":{"start":{"line":22,"column":23},"end":{"line":22,"column":66}},"line":22}},"branchMap":{},"s":{"0":1,"1":3,"2":1},"f":{"0":3,"1":1},"b":{},"_coverageSchema":"1a1c01bbd47fc00a2c39e90264f33305004495a9","hash":"3a99bd06b449387110f05410dee43f4c25a1bd69"}
,"/home/masqueradis/ITaWP/my-react-app/src/components/features/TaskList.jsx": {"path":"/home/masqueradis/ITaWP/my-react-app/src/components/features/TaskList.jsx","statementMap":{"0":{"start":{"line":6,"column":17},"end":{"line":23,"column":1}},"1":{"start":{"line":8,"column":2},"end":{"line":10,"column":3}},"2":{"start":{"line":9,"column":4},"end":{"line":9,"column":77}},"3":{"start":{"line":12,"column":2},"end":{"line":22,"column":4}},"4":{"start":{"line":18,"column":10},"end":{"line":18,"column":48}}},"fnMap":{"0":{"name":"(anonymous_0)","decl":{"start":{"line":6,"column":17},"end":{"line":6,"column":18}},"loc":{"start":{"line":6,"column":32},"end":{"line":23,"column":1}},"line":6},"1":{"name":"(anonymous_1)","decl":{"start":{"line":17,"column":19},"end":{"line":17,"column":20}},"loc":{"start":{"line":18,"column":10},"end":{"line":18,"column":48}},"line":18}},"branchMap":{"0":{"loc":{"start":{"line":8,"column":2},"end":{"line":10,"column":3}},"type":"if","locations":[{"start":{"line":8,"column":2},"end":{"line":10,"column":3}},{"start":{},"end":{}}],"line":8},"1":{"loc":{"start":{"line":8,"column":6},"end":{"line":8,"column":34}},"type":"binary-expr","locations":[{"start":{"line":8,"column":6},"end":{"line":8,"column":12}},{"start":{"line":8,"column":16},"end":{"line":8,"column":34}}],"line":8}},"s":{"0":1,"1":3,"2":2,"3":1,"4":2},"f":{"0":3,"1":2},"b":{"0":[2,1],"1":[3,2]},"_coverageSchema":"1a1c01bbd47fc00a2c39e90264f33305004495a9","hash":"54613d6a43f0cb3f23157fccb22c86d74ff514b4"}
,"/home/masqueradis/ITaWP/my-react-app/src/components/layout/Header.jsx": {"path":"/home/masqueradis/ITaWP/my-react-app/src/components/layout/Header.jsx","statementMap":{"0":{"start":{"line":4,"column":15},"end":{"line":21,"column":1}},"1":{"start":{"line":5,"column":2},"end":{"line":20,"column":4}}},"fnMap":{"0":{"name":"(anonymous_0)","decl":{"start":{"line":4,"column":15},"end":{"line":4,"column":16}},"loc":{"start":{"line":4,"column":45},"end":{"line":21,"column":1}},"line":4}},"branchMap":{"0":{"loc":{"start":{"line":4,"column":18},"end":{"line":4,"column":38}},"type":"default-arg","locations":[{"start":{"line":4,"column":26},"end":{"line":4,"column":38}}],"line":4}},"s":{"0":0,"1":0},"f":{"0":0},"b":{"0":[0]}}
,"/home/masqueradis/ITaWP/my-react-app/src/components/ui/Button.jsx": {"path":"/home/masqueradis/ITaWP/my-react-app/src/components/ui/Button.jsx","statementMap":{"0":{"start":{"line":3,"column":15},"end":{"line":17,"column":1}},"1":{"start":{"line":10,"column":20},"end":{"line":10,"column":74}},"2":{"start":{"line":12,"column":2},"end":{"line":16,"column":4}}},"fnMap":{"0":{"name":"(anonymous_0)","decl":{"start":{"line":3,"column":15},"end":{"line":3,"column":16}},"loc":{"start":{"line":8,"column":6},"end":{"line":17,"column":1}},"line":8}},"branchMap":{"0":{"loc":{"start":{"line":5,"column":2},"end":{"line":5,"column":21}},"type":"default-arg","locations":[{"start":{"line":5,"column":12},"end":{"line":5,"column":21}}],"line":5},"1":{"loc":{"start":{"line":6,"column":2},"end":{"line":6,"column":18}},"type":"default-arg","locations":[{"start":{"line":6,"column":13},"end":{"line":6,"column":18}}],"line":6},"2":{"loc":{"start":{"line":10,"column":43},"end":{"line":10,"column":72}},"type":"cond-expr","locations":[{"start":{"line":10,"column":54},"end":{"line":10,"column":67}},{"start":{"line":10,"column":70},"end":{"line":10,"column":72}}],"line":10}},"s":{"0":2,"1":5,"2":5},"f":{"0":5},"b":{"0":[0],"1":[5],"2":[0,5]},"_coverageSchema":"1a1c01bbd47fc00a2c39e90264f33305004495a9","hash":"9a3df3cce1a3acaa1235d968d9161df5fa829141"}
,"/home/masqueradis/ITaWP/my-react-app/src/components/ui/Card.jsx": {"path":"/home/masqueradis/ITaWP/my-react-app/src/components/ui/Card.jsx","statementMap":{"0":{"start":{"line":3,"column":13},"end":{"line":30,"column":1}},"1":{"start":{"line":10,"column":2},"end":{"line":29,"column":4}}},"fnMap":{"0":{"name":"(anonymous_0)","decl":{"start":{"line":3,"column":13},"end":{"line":3,"column":14}},"loc":{"start":{"line":9,"column":6},"end":{"line":30,"column":1}},"line":9}},"branchMap":{"0":{"loc":{"start":{"line":8,"column":2},"end":{"line":8,"column":16}},"type":"default-arg","locations":[{"start":{"line":8,"column":14},"end":{"line":8,"column":16}}],"line":8},"1":{"loc":{"start":{"line":13,"column":7},"end":{"line":17,"column":7}},"type":"binary-expr","locations":[{"start":{"line":13,"column":7},"end":{"line":13,"column":12}},{"start":{"line":14,"column":8},"end":{"line":16,"column":14}}],"line":13},"2":{"loc":{"start":{"line":23,"column":9},"end":{"line":23,"column":74}},"type":"binary-expr","locations":[{"start":{"line":23,"column":9},"end":{"line":23,"column":20}},{"start":{"line":23,"column":24},"end":{"line":23,"column":74}}],"line":23},"3":{"loc":{"start":{"line":26,"column":9},"end":{"line":26,"column":69}},"type":"binary-expr","locations":[{"start":{"line":26,"column":9},"end":{"line":26,"column":17}},{"start":{"line":26,"column":21},"end":{"line":26,"column":69}}],"line":26}},"s":{"0":1,"1":3},"f":{"0":3},"b":{"0":[3],"1":[3,0],"2":[3,2],"3":[3,3]},"_coverageSchema":"1a1c01bbd47fc00a2c39e90264f33305004495a9","hash":"7a5041e6851d826ce2fbc19be6af3d5cea54b897"}
,"/home/masqueradis/ITaWP/my-react-app/src/components/ui/FilterGroup.jsx": {"path":"/home/masqueradis/ITaWP/my-react-app/src/components/ui/FilterGroup.jsx","statementMap":{"0":{"start":{"line":4,"column":20},"end":{"line":23,"column":1}},"1":{"start":{"line":5,"column":2},"end":{"line":22,"column":4}},"2":{"start":{"line":10,"column":10},"end":{"line":18,"column":19}},"3":{"start":{"line":15,"column":27},"end":{"line":15,"column":43}}},"fnMap":{"0":{"name":"(anonymous_0)","decl":{"start":{"line":4,"column":20},"end":{"line":4,"column":21}},"loc":{"start":{"line":4,"column":67},"end":{"line":23,"column":1}},"line":4},"1":{"name":"(anonymous_1)","decl":{"start":{"line":9,"column":21},"end":{"line":9,"column":22}},"loc":{"start":{"line":10,"column":10},"end":{"line":18,"column":19}},"line":10},"2":{"name":"(anonymous_2)","decl":{"start":{"line":15,"column":21},"end":{"line":15,"column":22}},"loc":{"start":{"line":15,"column":27},"end":{"line":15,"column":43}},"line":15}},"branchMap":{},"s":{"0":0,"1":0,"2":0,"3":0},"f":{"0":0,"1":0,"2":0},"b":{}}
,"/home/masqueradis/ITaWP/my-react-app/src/components/ui/PriorityBadge.jsx": {"path":"/home/masqueradis/ITaWP/my-react-app/src/components/ui/PriorityBadge.jsx","statementMap":{"0":{"start":{"line":4,"column":22},"end":{"line":27,"column":1}},"1":{"start":{"line":6,"column":24},"end":{"line":6,"column":26}},"2":{"start":{"line":8,"column":2},"end":{"line":20,"column":3}},"3":{"start":{"line":10,"column":6},"end":{"line":10,"column":38}},"4":{"start":{"line":11,"column":6},"end":{"line":11,"column":12}},"5":{"start":{"line":13,"column":6},"end":{"line":13,"column":40}},"6":{"start":{"line":14,"column":6},"end":{"line":14,"column":12}},"7":{"start":{"line":16,"column":6},"end":{"line":16,"column":37}},"8":{"start":{"line":17,"column":6},"end":{"line":17,"column":12}},"9":{"start":{"line":19,"column":6},"end":{"line":19,"column":41}},"10":{"start":{"line":22,"column":2},"end":{"line":26,"column":4}}},"fnMap":{"0":{"name":"(anonymous_0)","decl":{"start":{"line":4,"column":22},"end":{"line":4,"column":23}},"loc":{"start":{"line":4,"column":40},"end":{"line":27,"column":1}},"line":4}},"branchMap":{"0":{"loc":{"start":{"line":8,"column":2},"end":{"line":20,"column":3}},"type":"switch","locations":[{"start":{"line":9,"column":4},"end":{"line":11,"column":12}},{"start":{"line":12,"column":4},"end":{"line":14,"column":12}},{"start":{"line":15,"column":4},"end":{"line":17,"column":12}},{"start":{"line":18,"column":4},"end":{"line":19,"column":41}}],"line":8}},"s":{"0":2,"1":7,"2":7,"3":1,"4":1,"5":1,"6":1,"7":1,"8":1,"9":4,"10":7},"f":{"0":7},"b":{"0":[1,1,1,4]},"_coverageSchema":"1a1c01bbd47fc00a2c39e90264f33305004495a9","hash":"52c4daf25978ac04e4d3729a723df2a9e1c3968e"}
,"/home/masqueradis/ITaWP/my-react-app/src/utils/generateTaskId.js": {"path":"/home/masqueradis/ITaWP/my-react-app/src/utils/generateTaskId.js","statementMap":{"0":{"start":{"line":5,"column":2},"end":{"line":7,"column":3}},"1":{"start":{"line":6,"column":4},"end":{"line":6,"column":31}},"2":{"start":{"line":8,"column":2},"end":{"line":8,"column":73}}},"fnMap":{"0":{"name":"generateTaskId","decl":{"start":{"line":4,"column":16},"end":{"line":4,"column":30}},"loc":{"start":{"line":4,"column":33},"end":{"line":9,"column":1}},"line":4}},"branchMap":{"0":{"loc":{"start":{"line":5,"column":2},"end":{"line":7,"column":3}},"type":"if","locations":[{"start":{"line":5,"column":2},"end":{"line":7,"column":3}},{"start":{},"end":{}}],"line":5},"1":{"loc":{"start":{"line":5,"column":6},"end":{"line":5,"column":78}},"type":"binary-expr","locations":[{"start":{"line":5,"column":6},"end":{"line":5,"column":35}},{"start":{"line":5,"column":39},"end":{"line":5,"column":78}}],"line":5}},"s":{"0":5,"1":5,"2":0},"f":{"0":5},"b":{"0":[5,0],"1":[5,5]},"_coverageSchema":"1a1c01bbd47fc00a2c39e90264f33305004495a9","hash":"d95f513e8ae6d32aa31a2ff009e5c0ae34fe8b3d"}
,"/home/masqueradis/ITaWP/my-react-app/src/utils/sortTasks.js": {"path":"/home/masqueradis/ITaWP/my-react-app/src/utils/sortTasks.js","statementMap":{"0":{"start":{"line":1,"column":22},"end":{"line":1,"column":59}},"1":{"start":{"line":3,"column":28},"end":{"line":9,"column":1}},"2":{"start":{"line":15,"column":15},"end":{"line":15,"column":25}},"3":{"start":{"line":16,"column":2},"end":{"line":37,"column":3}},"4":{"start":{"line":18,"column":6},"end":{"line":18,"column":64}},"5":{"start":{"line":18,"column":26},"end":{"line":18,"column":62}},"6":{"start":{"line":19,"column":6},"end":{"line":19,"column":12}},"7":{"start":{"line":21,"column":6},"end":{"line":21,"column":64}},"8":{"start":{"line":21,"column":26},"end":{"line":21,"column":62}},"9":{"start":{"line":22,"column":6},"end":{"line":22,"column":12}},"10":{"start":{"line":24,"column":6},"end":{"line":27,"column":8}},"11":{"start":{"line":26,"column":10},"end":{"line":26,"column":77}},"12":{"start":{"line":28,"column":6},"end":{"line":28,"column":12}},"13":{"start":{"line":30,"column":6},"end":{"line":33,"column":8}},"14":{"start":{"line":32,"column":10},"end":{"line":32,"column":77}},"15":{"start":{"line":34,"column":6},"end":{"line":34,"column":12}},"16":{"start":{"line":36,"column":6},"end":{"line":36,"column":12}},"17":{"start":{"line":38,"column":2},"end":{"line":38,"column":14}}},"fnMap":{"0":{"name":"sortTasks","decl":{"start":{"line":14,"column":16},"end":{"line":14,"column":25}},"loc":{"start":{"line":14,"column":44},"end":{"line":39,"column":1}},"line":14},"1":{"name":"(anonymous_1)","decl":{"start":{"line":18,"column":16},"end":{"line":18,"column":17}},"loc":{"start":{"line":18,"column":26},"end":{"line":18,"column":62}},"line":18},"2":{"name":"(anonymous_2)","decl":{"start":{"line":21,"column":16},"end":{"line":21,"column":17}},"loc":{"start":{"line":21,"column":26},"end":{"line":21,"column":62}},"line":21},"3":{"name":"(anonymous_3)","decl":{"start":{"line":25,"column":8},"end":{"line":25,"column":9}},"loc":{"start":{"line":26,"column":10},"end":{"line":26,"column":77}},"line":26},"4":{"name":"(anonymous_4)","decl":{"start":{"line":31,"column":8},"end":{"line":31,"column":9}},"loc":{"start":{"line":32,"column":10},"end":{"line":32,"column":77}},"line":32}},"branchMap":{"0":{"loc":{"start":{"line":16,"column":2},"end":{"line":37,"column":3}},"type":"switch","locations":[{"start":{"line":17,"column":4},"end":{"line":19,"column":12}},{"start":{"line":20,"column":4},"end":{"line":22,"column":12}},{"start":{"line":23,"column":4},"end":{"line":28,"column":12}},{"start":{"line":29,"column":4},"end":{"line":34,"column":12}},{"start":{"line":35,"column":4},"end":{"line":36,"column":12}}],"line":16},"1":{"loc":{"start":{"line":26,"column":11},"end":{"line":26,"column":41}},"type":"binary-expr","locations":[{"start":{"line":26,"column":11},"end":{"line":26,"column":36}},{"start":{"line":26,"column":40},"end":{"line":26,"column":41}}],"line":26},"2":{"loc":{"start":{"line":26,"column":46},"end":{"line":26,"column":76}},"type":"binary-expr","locations":[{"start":{"line":26,"column":46},"end":{"line":26,"column":71}},{"start":{"line":26,"column":75},"end":{"line":26,"column":76}}],"line":26},"3":{"loc":{"start":{"line":32,"column":11},"end":{"line":32,"column":41}},"type":"binary-expr","locations":[{"start":{"line":32,"column":11},"end":{"line":32,"column":36}},{"start":{"line":32,"column":40},"end":{"line":32,"column":41}}],"line":32},"4":{"loc":{"start":{"line":32,"column":46},"end":{"line":32,"column":76}},"type":"binary-expr","locations":[{"start":{"line":32,"column":46},"end":{"line":32,"column":71}},{"start":{"line":32,"column":75},"end":{"line":32,"column":76}}],"line":32}},"s":{"0":1,"1":1,"2":5,"3":5,"4":1,"5":4,"6":1,"7":1,"8":4,"9":1,"10":1,"11":4,"12":1,"13":1,"14":4,"15":1,"16":1,"17":5},"f":{"0":5,"1":4,"2":4,"3":4,"4":4},"b":{"0":[1,1,1,1,1],"1":[4,0],"2":[4,0],"3":[4,0],"4":[4,0]},"_coverageSchema":"1a1c01bbd47fc00a2c39e90264f33305004495a9","hash":"7acf2f3c346ba226aa14cace413bf7642a2e696d"}
}
