TN:
SF:src/components/features/AddTaskForm.jsx
FN:5,(anonymous_0)
FN:6,(anonymous_1)
FNF:2
FNH:2
FNDA:2,(anonymous_0)
FNDA:2,(anonymous_1)
DA:5,1
DA:6,2
DA:7,2
DA:8,2
DA:9,2
DA:17,2
DA:18,1
DA:19,1
DA:20,1
DA:22,1
DA:25,2
LF:11
LH:11
BRDA:17,0,0,1
BRDA:17,0,1,1
BRDA:18,1,0,1
BRDA:18,1,1,1
BRF:4
BRH:4
end_of_record
TN:
SF:src/components/features/FilterButtons.jsx
FN:4,(anonymous_0)
FNF:1
FNH:1
FNDA:3,(anonymous_0)
DA:4,1
DA:10,3
DA:11,3
DA:13,3
LF:4
LH:4
BRF:0
BRH:0
end_of_record
TN:
SF:src/components/features/SortTask.jsx
FN:5,(anonymous_0)
FNF:1
FNH:0
FNDA:0,(anonymous_0)
DA:5,0
DA:6,0
LF:2
LH:0
BRF:0
BRH:0
end_of_record
TN:
SF:src/components/features/TaskItem.jsx
FN:6,(anonymous_0)
FN:22,(anonymous_1)
FNF:2
FNH:2
FNDA:3,(anonymous_0)
FNDA:1,(anonymous_1)
DA:6,1
DA:8,3
DA:22,1
LF:3
LH:3
BRF:0
BRH:0
end_of_record
TN:
SF:src/components/features/TaskList.jsx
FN:6,(anonymous_0)
FN:17,(anonymous_1)
FNF:2
FNH:2
FNDA:3,(anonymous_0)
FNDA:2,(anonymous_1)
DA:6,1
DA:8,3
DA:9,2
DA:12,1
DA:18,2
LF:5
LH:5
BRDA:8,0,0,2
BRDA:8,0,1,1
BRDA:8,1,0,3
BRDA:8,1,1,2
BRF:4
BRH:4
end_of_record
TN:
SF:src/components/layout/Header.jsx
FN:4,(anonymous_0)
FNF:1
FNH:0
FNDA:0,(anonymous_0)
DA:4,0
DA:5,0
LF:2
LH:0
BRDA:4,0,0,0
BRF:1
BRH:0
end_of_record
TN:
SF:src/components/ui/Button.jsx
FN:3,(anonymous_0)
FNF:1
FNH:1
FNDA:5,(anonymous_0)
DA:3,2
DA:10,5
DA:12,5
LF:3
LH:3
BRDA:5,0,0,0
BRDA:6,1,0,5
BRDA:10,2,0,0
BRDA:10,2,1,5
BRF:4
BRH:2
end_of_record
TN:
SF:src/components/ui/Card.jsx
FN:3,(anonymous_0)
FNF:1
FNH:1
FNDA:3,(anonymous_0)
DA:3,1
DA:10,3
LF:2
LH:2
BRDA:8,0,0,3
BRDA:13,1,0,3
BRDA:13,1,1,0
BRDA:23,2,0,3
BRDA:23,2,1,2
BRDA:26,3,0,3
BRDA:26,3,1,3
BRF:7
BRH:6
end_of_record
TN:
SF:src/components/ui/FilterGroup.jsx
FN:4,(anonymous_0)
FN:9,(anonymous_1)
FN:15,(anonymous_2)
FNF:3
FNH:0
FNDA:0,(anonymous_0)
FNDA:0,(anonymous_1)
FNDA:0,(anonymous_2)
DA:4,0
DA:5,0
DA:10,0
DA:15,0
LF:4
LH:0
BRF:0
BRH:0
end_of_record
TN:
SF:src/components/ui/PriorityBadge.jsx
FN:4,(anonymous_0)
FNF:1
FNH:1
FNDA:7,(anonymous_0)
DA:4,2
DA:6,7
DA:8,7
DA:10,1
DA:11,1
DA:13,1
DA:14,1
DA:16,1
DA:17,1
DA:19,4
DA:22,7
LF:11
LH:11
BRDA:8,0,0,1
BRDA:8,0,1,1
BRDA:8,0,2,1
BRDA:8,0,3,4
BRF:4
BRH:4
end_of_record
TN:
SF:src/utils/generateTaskId.js
FN:4,generateTaskId
FNF:1
FNH:1
FNDA:5,generateTaskId
DA:5,5
DA:6,5
DA:8,0
LF:3
LH:2
BRDA:5,0,0,5
BRDA:5,0,1,0
BRDA:5,1,0,5
BRDA:5,1,1,5
BRF:4
BRH:3
end_of_record
TN:
SF:src/utils/sortTasks.js
FN:14,sortTasks
FN:18,(anonymous_1)
FN:21,(anonymous_2)
FN:25,(anonymous_3)
FN:31,(anonymous_4)
FNF:5
FNH:5
FNDA:5,sortTasks
FNDA:4,(anonymous_1)
FNDA:4,(anonymous_2)
FNDA:4,(anonymous_3)
FNDA:4,(anonymous_4)
DA:1,1
DA:3,1
DA:15,5
DA:16,5
DA:18,4
DA:19,1
DA:21,4
DA:22,1
DA:24,1
DA:26,4
DA:28,1
DA:30,1
DA:32,4
DA:34,1
DA:36,1
DA:38,5
LF:16
LH:16
BRDA:16,0,0,1
BRDA:16,0,1,1
BRDA:16,0,2,1
BRDA:16,0,3,1
BRDA:16,0,4,1
BRDA:26,1,0,4
BRDA:26,1,1,0
BRDA:26,2,0,4
BRDA:26,2,1,0
BRDA:32,3,0,4
BRDA:32,3,1,0
BRDA:32,4,0,4
BRDA:32,4,1,0
BRF:13
BRH:9
end_of_record
